8 53 299 46 270 231 99 263 117
12 222 66 122 17 286 86 291 166 34 9 267 220
10 24 172 115 199 234 110 194 8 109 195
6 193 100 64 52 251 268
4 56 280 81 130
5 186 254 264 118 255
8 51 44 238 269 221 45 20 32
9 168 232 134 144 229 191 38 22 211
6 198 210 261 4 230 247
5 93 113 150 77 40
8 171 92 70 184 19 47 169 253
4 35 37 107 31
1 149
2 178 90
2 278 225
6 289 187 190 125 26 274
10 14 62 128 252 72 108 7 246 124 55
4 3 69 135 279
1 132
6 250 297 139 202 67 87
6 298 58 142 158 153 123
6 105 120 36 284 275 97
8 219 164 192 76 185 91 57 84
5 43 243 292 41 88
11 13 65 235 167 248 161 258 236 29 145 114
4 281 143 54 147
6 182 80 23 179 49 189
4 30 277 226 197
4 215 181 102 157
2 209 293
5 218 74 173 227 137
7 83 176 129 283 28 5 126
5 170 188 240 200 42
6 60 288 239 287 133 18
10 61 103 177 276 295 6 159 262 104 245
2 95 151
2 140 257
7 163 16 68 141 148 260 89
5 27 79 1 25 273
8 207 217 138 78 204 59 48 75
6 21 203 82 94 39 71
10 136 244 96 101 212 106 154 15 223 205
5 228 241 119 237 162
10 127 73 11 216 285 146 155 98 271 0
4 152 131 180 33
4 266 233 63 160
3 272 116 174
6 224 294 12 259 265 249
3 256 208 206
5 242 111 121 50 213
2 214 10
2 201 85
2 290 156
2 296 112
2 196 282
0
0
0
0
0
0
0
0
0
0
0
0
0
0
0
0
0
0
0
0
0
0
0
0
0
0
0
0
0
0
0
0
0
0
0
0
0
0
0
0
0
0
0
0
0
