4 3933 3724 621 5113
7 169 521 3093 8630 663 7159 8644
11 6971 9426 8236 9720 7026 1039 9646 779 8628 791 3814
4 1278 1465 4519 3479
5 8924 1841 7740 827 520
12 6811 1620 5473 9107 8686 1796 3606 1828 9254 6635 9260 1669
12 4002 682 6799 3065 358 6383 8896 1057 7207 8225 1257 8382
3 9717 3346 527
4 1897 3053 2106 2658
1 4897
6 6574 2833 6122 5253 1449 523
6 725 3495 370 3803 4596 7120
10 1345 4895 5308 838 7365 5574 3332 1019 4663 8378
2 5337 939
8 239 62 5093 2574 4843 2662 1418 491
7 501 104 7424 3177 2508 6030 6939
8 1996 4642 3003 4037 9223 2390 7422 9982
9 3009 650 6998 7664 7131 7738 896 4171 5289
11 7360 8635 3364 1534 7896 1387 5413 3382 6254 6546 9936
11 1224 9510 9992 483 9425 4791 6570 2423 7491 4816 3622
6 2578 728 338 6789 2472 8112
7 5367 8208 9036 5765 778 8889 1288
3 9095 9969 2117
3 1826 3483 4044
10 7701 9846 7569 7905 4665 8075 812 4981 5145 5841
6 7212 1189 9139 882 1451 4282
6 1184 27 5691 5901 6803 3133
8 5297 2598 7837 4833 1482 6210 6923 5205
6 6048 8799 250 4616 7404 5720
6 1917 8385 5194 5922 3373 1767
5 6519 5318 3260 4969 6833
5 32 225 3400 7958 1742
8 6188 1340 5906 9226 3877 6826 2208 2169
9 6069 462 8591 4083 5028 4927 775 9362 5442
4 6097 9629 9777 7885
2 6147 9774
4 1498 5436 2014 8899
7 8583 1750 9446 9886 9039 8664 2391
2 8396 2286
8 3939 2146 2232 8135 9560 8527 4391 433
3 4257 9651 1711
6 760 8858 5079 5455 1475 8301
7 7915 668 4126 3675 5417 4408 8530
3 3377 5129 626
6 6393 2141 4825 3892 7493 4553
4 5849 675 6162 1402
7 3513 8243 5870 5458 5641 7118 2988
8 1912 2891 8145 99 7171 317 3233 5713
2 5239 9022
7 1520 5751 308 4653 8642 2803 6552
4 2716 237 6118 4253
6 9395 3677 6052 2157 9988 9086
11 8351 6284 3203 2081 342 8733 1774 5360 3961 8261 7594
8 530 7249 7902 8514 7661 5058 2696 7543
6 4801 8580 3467 9164 4247 145
12 3463 6201 5525 3972 8229 3123 4822 7827 7645 8025 8146 6748
6 903 9169 1522 9125 7067 9589
4 5967 8408 1617 9430
5 8853 7324 8482 878 5766
7 4767 4395 6950 4724 7055 8957 9730
7 4743 6627 473 3958 3251 9517 8690
9 9314 6054 5090 2244 9671 6169 6135 3219 9573
8 2275 1123 6341 5932 6449 2656 6977 918
4 9111 196 1318 2934
4 8380 6008 9236 1101
5 5689 3164 7523 4955 4186
3 9 2072 9421
4 1954 5252 3408 6968
4 7409 9241 5013 6987
8 8133 9466 5243 1600 2306 9194 468 6016
6 6369 1802 4835 9219 4313 8577
4 945 9112 3969 2108
5 7868 190 2864 3572 3316
9 2060 445 5172 6980 2913 5184 5087 3052 8181
4 2446 4184 8801 5370
7 2634 3267 1112 4655 9728 7622 8524
6 9526 8466 8555 5231 228 3985
4 6275 1502 6929 3753
3 540 2744 2193
7 7656 8867 6625 6098 6738 3097 1312
6 7963 8246 5890 7322 7254 1507
4 2435 8190 1148 3458
9 7685 8826 4733 3704 7880 5143 7272 349 4466
6 4128 3089 1536 8855 2111 5200
3 602 575 4031
2 8343 7795
4 3095 5667 9188 9937
7 1047 1687 8143 8313 6876 6370 8205
5 2737 4020 6881 8418 6943
9 4889 159 893 4522 6585 2039 5403 2996 5996
3 4516 5208 4021
7 2419 9623 8657 9014 8660 5581 1800
11 553 9102 6324 9930 4847 7134 2767 5576 472 3616 8531
4 1771 2266 5723 851
3 2078 9638 3772
6 9839 8444 469 5530 2348 38
7 2058 3790 8643 4659 7369 557 4958
5 6710 3735 679 7576 181
3 5737 4970 3912
6 6957 844 5038 7717 2590 2892
3 1041 9827 9224
5 2798 8283 6620 2562 1834
3 4167 8087 1234
4 4603 8720 8011 9340
9 9778 1033 7266 7759 5827 1544 1920 8993 6440
3 8465 3994 8350
4 1613 6734 1006 2659
5 8821 4 4226 6979 5283
2 4423 247
5 916 6025 3538 6260 997
3 8391 7321 5923
10 2082 8539 8579 6438 1032 2161 7269 7772 1196 7845
8 9303 4345 1717 3200 8696 7763 7279 7098
6 3159 9060 9997 2935 6024 6952
4 5624 505 6664 6334
4 1556 3690 9335 3401
7 1899 5447 8983 9796 9857 9327 3270
6 8233 2552 7962 7618 156 9371
11 2893 6765 6020 293 9015 8901 3037 5388 2351 3529 545
6 9513 1672 8 5465 6973 6195
8 7692 7495 7217 4225 1241 337 2302 8582
5 5522 7999 2284 9766 6332
6 1220 8161 9797 2276 8439 6394
4 8693 2688 6819 2588
3 2703 5680 1287
5 7991 1441 4328 7418 4740
2 8836 2530
6 2159 8056 5262 4508 4413 3686
5 4385 7748 4365 1139 4444
8 2366 904 3937 7320 1078 2682 5611 2743
7 6677 1571 3017 456 9866 5899 4323
7 9370 6343 4179 8912 629 4289 6138
3 1728 4104 4149
5 9689 4995 7318 9292 8375
5 7550 9310 898 6296 5246
3 183 2877 4374
2 1349 5538
3 376 618 2897
6 7823 6108 4904 6071 1944 3631
8 8121 2402 1589 8314 4780 7158 2778 5209
5 9152 7563 1122 7533 3460
6 7975 4429 447 8223 5548 231
8 2296 9625 2236 6287 4527 5528 2818 9016
7 5794 550 223 6736 6788 343 7694
2 4258 4592
2 3016 1020
3 3678 3880 9905
4 1409 4976 1231 8438
4 8456 810 2755 4160
6 9907 7452 6421 9202 6088 5504
4 3888 5280 4034 4276
6 2668 9952 1578 8023 4574 3309
3 3925 6472 3313
5 6232 4136 3046 9757 1293
5 7308 1799 7947 1980 2067
3 8735 6997 1965
8 2214 3794 8849 3360 9793 9662 6395 8834
4 5668 1132 4911 8171
3 6481 144 1510
3 9627 5697 3664
6 2018 4431 5204 345 823 5605
7 4336 9585 8452 5601 5251 2601 6271
3 5861 4606 9578
5 2285 7860 8210 7900 7616
6 7504 8589 3405 8167 8404 4865
4 8647 4306 4304 6497
8 1830 5464 870 3868 3744 8009 9838 841
4 2761 6845 1200 8752
4 7366 9189 4772 1480
5 2184 2456 3390 1657 6001
5 43 1311 3487 2848 824
6 9038 786 8602 8701 6858 970
5 9352 1180 3489 6476 485
7 6362 5706 7253 7213 1839 7417 3077
5 2484 2800 9801 3342 710
8 1737 8144 4611 385 6746 5520 3770 560
4 3742 8096 3286 5081
2 6266 1532
3 6100 616 3859
8 8671 2292 6408 2675 4933 3402 429 8118
4 5833 6471 9532 6920
3 3518 7818 463
6 6237 8320 7647 6784 9494 3064
6 5655 3676 7004 7619 2190 2770
4 1511 6795 391 4684
8 2147 6132 9050 6373 9929 9851 5415 1079
6 2380 3375 4349 1469 6758 1243
7 9072 122 2971 2476 5802 3812 1581
7 7306 7445 5345 9722 5057 975 114
3 822 6565 4023
2 1969 9093
4 813 724 8552 2542
5 7741 9544 5604 4954 119
7 9319 2910 3051 1940 3562 9213 9096
5 4439 9924 8480 3857 7301
1 796
5 3531 5822 2932 8862 4837
6 9904 3262 2303 93 744 3340
8 2254 1494 4131 7802 8767 4885 4848 4803
3 1845 7333 2586
7 2274 6983 360 1271 436 4478 7509
5 487 7297 367 4731 6040
5 7712 7413 5306 638 2231
2 1492 2509
7 9068 4017 300 5730 4750 20 5947
7 5201 2759 8737 8247 6887 7412 2635
9 4302 76 6888 8694 1457 3668 2925 3588 5614
4 3953 8487 8794 3788
9 5998 4677 9934 4334 1497 4589 3718 637 4713
1 8249
4 6379 5103 5398 1900
5 8357 9453 282 5666 9906
6 6641 6986 8631 4206 3209 8072
4 5450 7707 1237 7693
3 2474 9280 921
6 4072 7165 1915 3436 9114 6508
5 497 9609 298 6874 6457
2 7801 2458
3 3130 6919 6033
3 9841 7460 6328
8 6172 2907 1503 6839 8978 3853 3641 6026
2 5342 8287
6 2651 305 6835 6594 7719 9270
6 4232 4761 3166 1847 3157 7578
5 6387 427 5900 3726 4348
3 9861 3304 4484
4 5521 7551 7634 7111
5 7237 6640 1862 9354 6458
6 7103 3222 2013 4080 216 1701
5 1176 7555 1568 4047 6288
8 6547 6259 7920 9344 8092 138 6131 848
5 8059 9779 1163 5533 1983
8 8448 373 9401 6414 6504 4876 4156 1653
3 9383 4283 9334
2 5494 7148
5 1592 4172 1219 8219 7598
5 4827 7525 4987 405 6338
4 3942 1597 6777 5944
5 8191 9554 8873 2724 5040
4 852 3329 9776 147
6 7528 8759 1565 1357 7536 765
5 9582 2387 7190 3908 6435
3 9367 3723 7234
8 6165 4739 723 7250 6562 6873 1210 6067
6 2379 5744 8930 3584 9433 1856
4 3625 8847 3435 8212
6 6802 7421 7005 2805 2691 3418
5 2777 1614 4350 963 2841
5 533 3394 1608 9227 2129
6 2151 1551 2792 4914 7467 7910
5 4934 1909 1585 341 6982
3 2124 4069 9429
6 7420 3146 7609 9442 2085 2130
5 9561 5472 1547 5675 8941
3 9397 4091 3995
5 2110 9175 7858 9673 6209
5 2428 5338 3589 9635 5488
6 4654 6596 2279 2227 6698 759
4 3187 1434 4320 1266
6 4111 8706 1160 5429 3719 6265
5 3699 9486 4712 4355 3862
6 9505 2016 2453 3056 5631 6598
3 8655 4725 2328
5 1914 6149 8082 6571 1226
2 1290 1063
4 4369 3425 2449 173
3 9991 7115 7116
5 123 5907 6864 1827 2385
6 1493 3343 7041 3072 9984 7791
3 5580 8077 8763
6 599 4370 14 1604 7766 4870
6 3840 7490 3900 785 9700 15
3 5151 1001 7775
3 986 8870 3646
4 9491 4338 2441 1207
11 8956 3534 996 346 1031 2946 8551 4480 3112 2829 7890
3 8016 7758 357
5 9053 2019 8163 2107 6704
6 2622 8842 7654 4162 4452 8341
7 565 5261 3515 4515 3118 7375 3348
4 5523 5131 5273 59
7 9355 378 7816 4342 8039 1334 742
3 853 5063 3139
6 9098 7151 931 9968 7608 806
6 4727 1162 3174 7556 4463 4783
3 4061 2451 934
3 2092 3591 3725
8 9205 2234 4294 4907 6501 1438 1346 927
9 5782 9192 413 314 7381 4279 9133 6182 1557
8 2056 9141 7065 9376 9134 4849 1003 4327
6 2416 7931 1783 6070 1675 4264
5 5617 8128 4627 6337 7063
6 7397 8790 3441 1999 8594 6358
3 1932 2845 5965
4 8134 5029 3983 8043
8 6248 7263 6816 8616 3445 7077 1887 295
3 2970 2726 5132
4 2510 2271 891 5966
5 9153 1815 5075 4591 3850
9 9817 8081 4804 9161 2217 6110 1193 3852 4795
4 687 6507 9853 263
2 4506 6115
5 7982 1968 1488 7757 4013
7 7650 7294 9540 1967 9035 1864 4549
2 9669 2483
3 6041 9374 9023
5 1422 3923 6805 7073 6797
3 258 737 9369
6 9278 1816 6602 8813 8498 3136
8 2599 1316 5193 1432 555 2698 4039 3573
4 2999 8424 175 683
6 3006 6639 3255 3101 2679 8521
3 4947 7557 6152
3 6399 6191 2862
7 9939 9892 5846 1070 301 5085 2821
4 8355 8947 7133 4399
3 1582 9267 1370
3 4820 430 7572
5 440 9692 3314 3110 8361
4 1505 4560 8120 8844
7 7293 6579 1059 2062 2084 9658 5508
6 8672 937 9818 4928 5843 7824
8 7923 6642 2644 8568 4551 1261 1014 3520
5 2168 65 9026 6120 877
4 9031 9081 5682 5179
3 3957 5600 9427
4 9493 5315 7341 403
6 9565 3361 6109 424 8989 4711
9 9508 799 355 8367 6730 5141 5637 9412 8984
5 6892 5871 6750 8945 757
7 1752 2017 4360 7092 3468 6650 7286
7 5976 8996 87 4866 4068 3069 5290
5 919 5199 6183 6385 6549
6 2332 6402 9945 998 64 6556
2 111 6914
5 1303 33 5256 8479 8005
5 1240 2583 8337 5848 6366
6 7887 3659 2503 6102 5809 5321
6 6711 8864 325 8044 5242 3894
3 3649 6113 3907
6 2393 1313 4267 3768 9603 3851
7 6772 4609 8085 7438 4576 8032 7780
7 8632 9672 1991 8168 3873 8894 5592
4 2431 2712 1055 3514
4 6516 2439 8702 6492
6 8065 5479 3951 2985 4905 9746
3 9548 6244 6060
5 3810 5591 2592 2089 4296
8 8782 2444 9445 9574 6909 6205 9176 8779
3 8795 994 1151
9 6042 2584 1739 3672 4526 232 2093 1805 1254
7 7605 8852 9784 9079 3747 2618 96
4 7060 170 9307 4787
6 5136 8297 8803 8372 3100 9321
3 329 1635 6329
4 8007 5390 6941 840
6 8590 1889 1725 4698 9097 1133
4 8231 1082 8327 4277
7 208 92 5882 3398 6215 4311 6721
4 620 6023 4001 4792
7 4610 1314 5114 597 2322 1275 3517
4 8922 2203 3639 4062
4 444 6151 6350 942
7 6897 4362 9596 7394 5547 2383 8804
5 3472 2676 8808 2260 7865
6 884 4451 2183 9768 3683 5569
4 2548 4295 8453 8534
3 1423 4177 8654
5 3024 2729 5939 2614 6893
6 7988 7367 811 9434 2090 5195
4 9800 6902 3480 4113
4 1109 4489 6207 5821
9 4850 717 2705 551 2414 4789 5790 3815 8062
5 4386 486 4689 4821 2775
11 1050 6299 1710 193 1364 4443 5427 2311 4979 2807 396
3 4774 1028 7442
5 588 7048 1309 6308 5276
2 5839 8057
4 9852 2809 8098 2826
5 1941 6496 5819 617 1348
7 3044 7477 2783 7850 1807 566 4347
1 6576
5 6554 9718 6513 4161 9902
4 8183 6688 9577 3446
7 5862 9315 1759 3964 5866 5807 1141
8 6813 320 772 2375 7179 1165 4133 221
3 259 6975 6017
9 8585 5933 1650 2587 7710 7127 6061 3395 7410
7 5719 3486 3552 6101 5565 1454 8123
5 4532 1074 1823 6442 956
5 4529 6121 7903 8869 6222
6 8745 9502 7199 1610 4752 3845
3 8239 8770 6757
2 6015 4814
8 4173 8750 9400 7033 4380 7303 5510 214
8 3527 9538 1893 2392 200 2243 5449 2874
6 2480 8903 5498 1088 3795 2352
4 1812 7045 3047 590
5 4932 5146 2710 2632 6218
4 5181 9772 688 6035
