3 7411 9344 4361
6 2485 4928 5086 2028 6065 8012
3 4477 183 5885
2 4378 7414
8 1090 5115 7992 6878 5875 1795 962 5193
3 4712 2256 5069
9 8656 8094 227 8419 8922 8316 144 6614 1491
9 6766 1111 2829 1274 4869 4092 4053 772 5647
2 9322 4901
6 5322 5136 6883 4719 6448 9895
9 7204 7024 6475 6241 677 2023 8692 7603 3595
5 2779 1466 1913 387 7527
13 9848 5656 2220 9649 9757 402 4892 6397 6970 6936 523 5828 1154
5 9957 9041 4949 2367 812
13 5630 2227 2242 9696 7781 9931 9483 8768 8495 3987 5884 7644 331
6 9485 3719 8808 1076 8625 3227
4 7233 4539 7519 3632
12 1995 5474 646 4273 1157 3502 1070 7990 7655 8123 2762 6137
13 9576 3605 2272 139 3289 4310 9430 5039 5835 5740 9644 284 1080
11 2231 9460 5580 4765 2923 1511 8818 2464 2176 8009 5227
7 8107 8439 8074 4588 4093 9034 2103
13 7426 1622 222 8814 4850 452 876 1985 8644 1315 6735 5296 7625
7 2763 2083 3301 9676 3193 3238 6627
21 2753 4825 3483 658 9500 5730 9059 4599 6875 6386 5202 6047 9469 1228 6532 6630 8024 5717 9982 8747 7828
12 7074 9870 8320 7571 3616 9298 4601 30 8388 5857 9212 9385
5 655 3634 2327 1168 8446
8 9533 4460 2620 3833 6595 2114 2638 625
12 6461 8716 286 3168 3697 1918 8141 7427 9869 9707 3944 9277
9 4715 5188 1132 6851 601 4645 9270 899 6148
9 7952 9910 520 3880 8953 6674 7468 4739 7456
6 6703 838 7798 377 2495 6051
14 3941 6030 9470 3937 250 2476 1184 9814 788 1039 2317 4059 7138 246
3 2531 3311 5723
11 1355 3804 5223 9443 4750 5663 9797 7121 5668 3116 2805
7 490 7340 8105 7289 6805 3274 2451
10 2574 2076 7858 5112 32 3 3182 4916 6723 9080
18 3392 976 3016 7238 1091 5981 9145 9405 6718 3635 4042 9536 972 5056 4612 8659 697 7300
8 6524 1819 8561 9496 9359 4801 2654 136
2 7768 8694
5 6064 7293 6089 2398 4087
6 9986 3888 6584 7638 6422 713
16 3250 8118 3093 4195 5646 613 3408 3166 8033 9774 9189 345 3028 9185 7274 6683
8 2536 8612 6480 4228 6034 2548 5283 4971
10 6470 6161 6319 7697 9842 8678 3526 698 9807 5440
23 9554 5138 1983 9396 8705 5755 4078 9499 431 4368 7054 7217 2568 6923 1592 2722 1710 5340 5830 4244 1651 3628 3111
8 6255 7344 3001 9968 6016 8389 2270 2463
11 7036 5780 4395 3619 3257 6944 7801 7857 4840 8499 7460
5 2061 8498 394 7690 5177
14 724 4661 7700 980 6322 3558 1668 4824 3725 1546 3902 9058 9056 7917
5 9925 3836 9476 7326 7614
9 804 2092 6984 784 4024 7258 4162 722 5942
13 5756 4598 6759 467 6562 8448 2851 7096 1144 4597 3295 88 9473
4 5562 9657 329 1031
10 2906 795 2237 5939 561 1267 7415 5174 7893 6002
4 2804 8385 1208 5051
15 3537 5323 3440 171 8493 9585 228 8083 4878 2625 9879 2267 1508 8780 6868
15 5377 8242 2832 1269 7874 7766 2438 9055 7579 252 9665 2733 1383 3642 5076
16 751 5758 427 4263 6541 8661 197 7832 278 1927 5890 5376 7325 5673 1476 7871
9 8111 9904 4847 3679 8540 2489 1068 7652 3736
23 9839 1715 3488 6129 6355 2381 3113 1072 5324 1434 9783 8169 1008 1626 327 5680 6068 236 7744 274 5556 3776 2303
6 8863 8832 5915 5924 9692 9710
11 8943 3739 263 186 1323 5523 433 1544 6963 4236 6709
11 9863 6531 507 8994 2878 5584 1572 1857 9596 8145 4131
11 1746 9321 9196 2075 4855 9077 2655 2441 6528 8244 6704
15 3536 635 1987 6042 4255 4563 4459 3956 4357 209 5811 2077 8849 8613 6114
13 1720 5711 3523 3388 5831 7051 6476 1771 3999 239 6432 1745 4135
10 6992 5303 5522 4906 902 7126 3426 2855 2031 519
12 8484 214 5525 3659 7966 9159 3529 7309 988 9320 7947 4626
8 3218 8492 1119 1554 2501 1202 2254 7124
6 525 2266 1065 8697 960 1199
10 9273 3465 7859 6212 94 6656 8343 3305 4979 9522
9 794 7093 2400 7286 7199 7729 4720 5325 2507
10 1260 3717 3411 6917 9223 2456 6988 4617 6511 1349
6 6217 9198 22 6834 5267 9491
12 6406 7337 348 6125 5733 6829 9933 2858 4506 4376 5414 5453
13 2117 7466 8987 4912 2042 1584 2422 7784 5312 9966 4266 177 6605
11 4441 5103 1672 5281 3552 4685 1893 2376 8638 4743 2699
5 4390 7957 5473 7838 8637
10 1634 5454 3324 1950 6481 4120 9662 6366 531 3878
4 764 2678 8873 1984
5 3623 9527 8082 3056 3143
18 2651 6093 4324 3219 9922 6593 4277 9902 9156 6677 8856 258 602 1805 2637 1087 5413 4987
10 2819 1082 8359 9368 2706 4925 720 7229 8516 9392
13 2633 7098 7810 3997 9616 538 4494 4745 2688 7586 1963 6729 1281
14 7632 2175 2608 5765 3798 1835 1810 1941 8668 6127 4875 3103 897 2294
4 7418 3683 2345 9604
5 1257 6942 5836 9413 647
10 9985 9913 1862 6028 4568 2918 1602 2307 8636 8055
3 9350 4184 9087
9 3435 1670 3893 2908 4028 886 895 3832 4644
5 9061 9507 6836 8588 7649
7 3125 7507 1235 5602 8378 4534 6023
11 2350 3328 1541 5593 8658 7474 6558 2258 8090 4751 1211
8 2268 4286 3533 2550 9005 1423 9784 8442
14 7671 5841 6122 7580 2328 5564 5279 8627 589 7270 4151 2555 4385 8505
8 5339 6842 2333 5369 7049 5321 9174 328
6 1860 3872 4854 1864 8063 1935
5 2104 9882 6389 7722 4964
13 2859 5483 2122 9702 4483 5141 7617 352 370 9150 3268 6136 1648
17 3733 4933 1553 9253 2767 5552 9412 2596 9266 1933 3283 4804 5077 6776 7557 5745 5739
4 1131 6497 1766 3732
19 93 7491 7846 489 679 4705 9291 8687 3690 125 8718 6643 6344 2839 9023 9089 819 334 444
8 1839 5445 4291 7145 2639 3048 120 2090
11 7547 7371 9349 3104 3875 915 9768 5333 5341 2622 950
1 4171
8 6062 4580 7944 7421 2701 357 5065 6209
8 5567 9426 6262 62 3309 6472 6216 50
8 6581 8072 5661 1295 383 1506 2782 3399
4 3035 4397 2097 6172
9 7663 1092 3087 9970 6742 2529 3961 5197 5666
11 6775 1524 8981 4521 1777 9908 2255 8864 2560 4678 3185
5 1988 54 8746 6576 6645
9 3914 4905 1242 7259 4396 8048 5006 2010 9577
6 719 6276 5989 1937 3952 5421
10 7335 533 4257 2346 1590 7971 4237 7399 7728 8730
13 6444 1528 7955 6299 9767 6610 2986 8011 2534 4260 8846 3387 2408
16 2940 6369 2032 3312 6233 2049 1317 3511 6919 5771 7926 1104 7387 3870 1012 5268
8 922 7377 6147 2728 2093 1393 7162 1958
13 6710 14 4054 6456 5489 6821 7712 3225 5106 9110 6730 5085 7201
19 8367 7266 1741 267 6188 5675 102 2601 7922 3456 8853 8142 4795 8079 339 2035 8757 1410 8427
21 9990 3195 9976 1855 7799 4673 2808 2304 7034 230 8712 3020 8059 342 1688 2446 5350 2981 745 7083 3339
5 4232 3779 8159 5224 1445
14 2447 9281 2177 4048 575 961 9425 1968 8931 3133 8938 6466 8963 9927
9 3467 9191 2248 7493 1695 2979 8223 4648 4791
6 1451 3037 3784 5033 9010 1685
9 4230 6399 1444 4061 4826 6726 9529 3708 4744
10 6408 5498 1765 37 1650 1516 6311 2736 9501 2894
2 3121 592
3 8898 8486 6579
7 9619 5378 5947 2577 5690 3407 7954
7 399 1088 4231 7338 2157 9459 694
6 4514 1036 1113 1095 9741 2861
12 7317 4559 995 774 9249 299 5600 7654 2707 6716 7818 1331
13 4522 1748 6424 5355 3401 6847 7003 9771 4141 2386 6545 8620 9180
2 8897 9600
14 4587 2156 5210 4755 2295 6041 2852 9685 8015 7841 277 4004 2462 5308
19 6297 2800 1163 8662 3974 7961 7819 1052 4957 7404 9605 8259 3892 208 9100 8361 7821 7882 4047
4 7142 212 8594 2423
6 9865 2752 3454 6105 2308 3082
14 3567 4168 7031 3492 7461 8020 5277 6013 5239 4096 6865 9938 9113 470
13 5018 9552 4523 4950 9289 4763 6514 2141 6165 1780 9246 2783 5252
6 2950 2163 9398 9308 4941 6575
8 4373 5709 3949 2853 9217 4060 1947 9138
4 2919 5269 5022 8071
3 6426 6588 109
3 849 5509 1399
13 9924 8790 4511 8452 2695 1421 7154 9612 2433 2203 7063 1123 7210
10 7029 1932 6326 8914 6351 8480 8441 5374 1125 2582
5 6455 2720 3011 6090 4813
10 8309 3852 5140 1894 8108 3162 8554 7538 582 2399
19 5036 6780 3063 9292 1897 6694 4758 1781 9407 2029 2644 6790 3958 3522 7239 1337 5395 808 5929
17 8355 3995 1757 7130 4893 9420 3240 8125 9961 8515 3014 813 4111 5258 9832 5558 2744
9 587 4072 605 707 8342 939 6084 350 926
7 7166 4951 8734 9751 7452 5607 4188
6 2570 6176 6253 1105 9301 6207
13 3455 2718 933 2735 3661 7919 9943 2435 7017 6795 5889 9373 2684
8 7973 5366 9215 3077 4835 4977 3824 2357
5 7501 2896 9243 7348 7288
15 6243 6547 9805 6003 5265 4148 929 7635 2457 6274 363 5218 7667 9351 9822
18 6321 3550 7071 1612 2820 5055 5544 2877 9614 9740 3761 8524 738 9833 9636 5127 7471 8326
13 4517 3212 2705 1662 2788 7868 4887 8756 1872 8187 4674 2089 8715
7 6015 472 8171 6226 5807 6060 3767
7 9017 3638 6200 836 7228 5912 6479
2 5109 8311
4 7109 7564 557 3232
14 6206 3409 7236 3432 6897 945 864 2961 2318 5222 518 7672 7165 7360
3 7880 5044 5163
7 9283 4856 1189 3308 8131 9770 3317
11 3720 7808 7913 2123 3801 4160 3189 9348 9038 3294 5979
20 2941 8019 705 8451 7844 8076 5767 8161 1588 7119 6894 3821 2369 5416 567 4446 3064 4351 7004 7948
9 6401 8150 726 3460 2557 2285 2541 4300 4619
4 8683 5142 5550 5024
18 7979 1246 1145 3145 9648 562 4055 3247 5945 9897 1649 3729 5844 5451 6657 6026 1452 4501
8 5105 1895 8401 8582 9431 1370 2287 3664
3 8646 9932 5288
5 8353 7721 9787 3446 5255
4 4063 5990 4870 7929
6 7334 7743 7853 4006 9700 3428
14 4211 1419 5664 1115 6263 5731 5025 1338 6069 8099 3003 5257 5667 280
15 2647 530 1951 3910 5537 521 316 2116 8077 8301 9020 5263 9690 4896 6332
5 1047 4931 9668 9418 785
9 8986 2274 7043 7104 9681 918 2510 7465 3033
9 7500 4754 6818 3652 1333 201 1148 2288 4839
8 8570 8724 5589 8479 4354 1374 2018 2760
9 9997 4994 8188 7076 3071 2997 3374 7785 1446
10 7114 2892 44 9099 417 5785 3514 6142 687 8885
8 3495 168 8671 8607 6816 4610 9478 2392
8 5381 6120 8531 1970 6741 6850 8314 8182
4 3584 9039 3517 5658
5 7551 1557 7089 7488 2980
9 306 5187 4698 6058 5679 1219 1852 5922 2863
16 5407 1230 4910 8181 4837 757 3134 2088 2581 175 1687 154 9309 8615 1610 7951
6 7622 9515 3124 2611 9429 2939
9 9624 3203 7193 9457 1501 640 9873 1057 1277
12 2473 2571 3695 1179 9613 6520 4469 7409 1394 8200 9524 1316
17 7953 8213 9177 4873 5368 1284 7088 3889 3930 9706 1061 6555 4866 7698 4528 977 6566
6 685 5007 2849 6612 6926 8710
9 2769 2259 3985 425 7240 9623 6702 5082 4394
20 9313 952 9114 5169 6234 6911 5529 2277 8773 688 5669 404 97 1436 2322 5040 921 4965 6171 48
10 2397 8209 3830 5168 2143 6453 6794 460 7382 5976
2 2724 6491
3 8487 2512 5517
2 1921 4086
9 1234 828 4513 1683 8774 9128 6793 9054 6969
8 4085 9885 2361 5983 441 1773 4709 6086
20 1400 5290 4362 5700 4633 5744 735 8761 6368 906 7685 526 3895 5286 8494 2154 2676 4057 7539 1276
3 6658 9216 5107
4 4400 703 2713 1289
8 4725 4033 4672 1586 628 7190 2792 969
15 5408 9868 6553 1980 2332 7198 1273 8781 2186 7793 6745 8992 2151 7218 7446
11 3811 2305 2945 4718 9447 275 6959 1664 8896 7540 6468
4 5650 6632 3603 6201
5 6372 6869 3775 75 4313
16 2179 6769 2674 8468 4424 9804 8241 4265 9820 3556 6846 875 1479 8595 537 4991
2 1969 9346
3 3006 3251 6803
10 2710 1438 5081 8354 4890 6564 9274 3322 2500 5753
12 4159 7746 5173 2056 4844 2899 1712 4062 8905 254 527 5351
11 7711 5570 4408 6540 155 6660 2396 2007 7447 6178 6967
6 8128 2903 1721 1328 3128 6906
1 4329
9 4139 6404 2165 7370 2131 8568 3648 3915 2983
8 6094 7186 2180 7867 7170 1976 4972 754
8 741 4803 7084 1097 9105 6085 4945 8618
18 6282 3361 4445 4169 9260 9424 4209 6505 6219 6560 7931 6 2603 908 6663 7189 1300 9567
8 2038 6158 2963 6688 752 802 1911 9778
11 2424 8866 133 3859 8723 9971 3496 6928 9667 2185 3904
11 2627 8893 9337 2905 9709 3823 3787 4640 3199 9148 6887
6 8053 1869 1601 3524 1637 5736
9 7630 82 8989 859 8406 7473 8736 3058 2084
9 6417 6641 1055 1939 5068 5001 6807 4554 7796
8 1378 6599 1272 7558 7123 7903 5328 7038
6 681 4853 1001 9456 927 2221
18 8036 4565 9815 5927 6736 5791 1782 9239 7545 6698 4766 1997 6144 7574 3977 622 3386 543
6 858 7277 2159 9799 2630 3050
16 3950 4562 8915 1379 4761 586 3685 7920 2643 8227 6269 7529 1536 3947 7791 634
12 8088 2943 7587 4491 5845 3841 5801 9361 6844 6609 7396 5144
7 2271 536 7735 2917 8502 9481 5747
18 3314 627 8957 8649 5751 8969 3302 2830 9979 7616 4358 3509 1173 2052 3519 257 2393 3818
15 3473 2750 6362 6045 8751 1758 3975 2244 5636 9671 3248 6647 2340 4993 7272
9 3280 2166 3778 9763 7187 5858 3100 5954 2215
4 2854 3543 8670 1929
6 7441 2818 8766 6264 5738 9846
4 1669 8704 7502 4665
6 3957 1658 5904 7509 6390 303
17 7848 7932 4039 9033 4749 5969 9449 1497 7243 2605 321 7405 3260 9509 2876 313 9956
4 7352 6395 2149 1170
8 6398 7353 8787 6792 4417 3107 2387 8503
6 2164 396 3991 4481 5385 6787
12 5165 1815 2465 4927 4132 1141 6380 2799 1496 3112 4789 1954
6 9541 6350 9655 4635 9958 9876
15 6486 5725 7311 762 49 6113 3158 7523 3549 9400 5008 9441 5519 7719 11
1 3748
13 4543 3896 77 9227 2606 1224 4923 7653 6873 9666 2519 131 5553
11 8559 6009 178 8603 6434 7759 4128 4344 2538 6518 4422
9 7506 8247 6302 1843 5042 7292 1474 8449 3986
2 3703 63
10 2079 7843 1804 8585 1837 3342 7915 7464 5818 1663
6 3920 2968 9339 7811 1042 1707
3 1099 1681 9713
3 1861 5011 7207
4 5293 6055 7254 6983
12 842 6565 343 6309 3477 6185 2214 3614 2803 2494 1495 1646
3 3531 5992 1362
5 8324 6732 2612 7584 885
4 5387 1848 973 4526
12 8454 1816 2671 4112 3073 5123 8453 5913 3936 8395 6994 4379
6 9889 1789 8132 9387 6804 5697
6 1172 5246 2429 7252 7552 5921
3 3622 9984 2388
8 4458 1313 1925 5287 6225 3010 6939 8345
14 9468 4191 2374 9257 454 261 2008 5974 366 4509 5909 1411 1856 3076
20 9340 6283 3415 7392 6504 9482 1725 5868 744 2615 5716 9115 3441 6374 7423 6419 3571 3858 5240 3840
11 8357 9549 5914 234 9166 9334 863 3389 1443 3884 3810
7 8290 8655 1108 1500 6731 5823 4900
4 8268 5534 1545 3466
4 2840 2666 6014 3172
3 3554 1265 5999
4 1367 3419 6445 3506
3 4690 3969 2973
15 6329 1896 6973 6951 3599 4234 1089 6370 2960 5877 2915 2687 9531 1882 8119
6 8064 4220 3757 8566 7215 7534
5 9119 1690 9147 7346 7412
4 8235 7907 5253 8985
12 132 9859 7977 2193 4796 4830 5459 4642 1336 4771 2497 5546
4 1542 5430 9788 9307
13 7975 4573 8688 3175 86 5212 8425 7439 2144 8580 3501 4331 6498
8 4380 7463 5977 6285 9433 1990 8828 7181
14 4742 1642 3438 289 5162 3978 1609 9264 7448 6239 7160 6281 6038 6246
6 4330 8412 8647 7812 8092 5946
9 7219 3943 4450 9734 1512 9802 9370 5208 620
2 8629 9256
4 6005 7577 2698 8333
2 3497 7010
3 1717 2518 8069
4 1769 4034 6202 1486
10 9238 5495 7590 4217 909 4015 5693 3570 749 193
11 5472 9088 9742 3236 5856 2708 4779 3829 4356 2015 4997
15 8693 8806 1382 3698 8217 7594 9810 4002 4052 1283 8306 6033 7251 2806 7368
8 7078 554 2078 365 8496 3256 4851 7364
5 905 4107 3876 3834 2587
11 4122 6692 6323 508 3897 8539 645 450 9230 1503 8523
4 4403 5128 2338 5792
15 1037 2111 4865 9675 70 826 8293 2937 8289 815 1418 6133 279 8347 7156
6 9197 7178 3434 6941 8951 6164
17 822 1643 6817 8375 6111 2703 5088 6357 4432 5734 3362 8946 2626 4416 1439 2020 5597
4 7073 5926 3938 7417
8 769 6166 6330 1264 7916 6548 6580 7901
4 95 1635 1738 2761
9 1943 621 9874 7075 1030 8732 8176 7216 511
1 4576
8 3629 4199 1093 8949 268 1791 7887 2617
6 8057 2929 10 5310 900 4346
14 7984 1499 87 5480 948 6667 1903 4248 8049 6649 2673 5541 9336 534
6 8258 5470 820 9390 4339 6779
3 7786 2436 3927
7 1086 674 2995 9146 1942 5211 6318
4 9607 4845 5471 3159
3 374 9255 4730
13 1556 7177 53 3955 1341 9806 7764 7771 8154 6010 2343 3081 8517
6 9587 7472 8587 2060 5987 9995
12 5891 4545 9210 2870 9175 9725 4281 3241 7052 3384 1793 3921
8 1358 8848 6313 1550 5113 7150 3436 2171
16 2631 5699 1380 7132 9528 5923 8545 501 6861 1329 4118 5119 8322 7855 898 2310
4 5049 9969 3119 3588
15 1538 7914 9728 6828 2618 552 5137 9199 522 8210 4204 486 1220 5768 5695
12 1775 1040 4823 3672 3207 8238 5015 4968 440 3631 7144 2709
12 5126 9008 8847 335 6004 2334 4497 4165 7297 9574 7688 3754
7 5919 8926 7389 5501 7134 8960 3660
4 191 1004 8799 5848
6 7707 3254 182 9881 7756 6895
9 3653 1564 6097 7174 3083 5251 9518 9670 2815
4 6237 202 3825 1824
3 6384 2659 9627
22 9538 8091 1435 6781 5748 4082 9571 7710 3230 5446 1666 2573 5853 6430 5732 4593 4212 3587 8983 6412 4099 3442
10 6849 7737 9765 2012 7113 9628 4472 1187 1005 8214
10 1509 9980 333 6050 1912 4540 3041 5371 6820 3150
9 984 5149 8165 3851 2723 1653 386 5037 4081
3 7040 2001 7492
9 6808 6483 8623 6881 7803 2559 2565 8551 2672
9 1100 8997 2145 8402 5692 4298 5829 4552 1567
10 4857 9809 4621 276 4425 4867 1 8029 85 73
17 545 223 1823 28 9738 3843 5721 2055 2848 1213 2206 9296 2797 6214 8224 6292 5887
3 1880 4347 9896
19 7890 5518 3780 1062 8163 9116 9442 1973 5217 7090 3984 8851 9816 6523 8205 5235 124 1924 9204
10 4040 9987 6860 3044 7367 9993 4583 1026 3040 7733
6 3202 2585 31 5012 1334 9244
12 4264 8177 1858 8397 4841 6786 1832 810 8232 2051 9287 4915
5 9408 8157 2791 9261 353
17 217 3606 8972 5343 6170 137 9803 9220 453 5619 1301 4553 742 7609 3814 7385 3670
