3 53 45 247
2 222 175
5 66 64 20 171 274
3 299 52 130
5 122 263 186 32 14
2 46 234
4 270 220 254 168
6 24 110 264 198 92 62
5 17 118 232 35 3
2 231 165
4 172 194 255 134
6 286 8 51 144 37 132
5 86 251 44 229 149
7 291 109 238 191 107 128 49
7 115 195 269 210 70 252 84
8 199 268 221 261 184 250 277 266
7 166 56 93 31 117 279 162
5 34 280 113 19 72
2 193 183
1 9
4 100 81 4 47
3 99 150 169
6 267 38 253 108 215 233
1 77
3 40 178 297
2 230 211
3 22 278 139
4 289 202 226 272
4 187 7 29 63
4 190 246 145 78
4 125 124 189 71
4 225 67 114 224
3 26 69 181
1 135
3 298 102 131
3 58 209 116
2 142 293
3 158 197 294
3 105 218 11
1 153
3 120 74 204
2 36 173
3 284 157 96
3 275 83 180
3 87 227 33
3 90 170 16
2 123 188
3 219 240 160
3 43 137 216
3 13 60 285
3 164 176 174
3 65 288 68
3 281 61 141
3 235 103 101
3 167 129 59
3 243 95 148
3 292 283 260
2 97 239
3 248 28 146
3 41 5 256
2 143 151
3 192 126 212
3 55 287 48
3 161 200 89
3 54 42 75
3 258 133 242
3 76 177 106
3 185 140 155
3 236 276 111
2 147 257
3 88 295 98
3 91 6 154
3 57 18 15
3 182 159 121
3 80 262 208
3 23 104 50
3 179 163 12
3 30 27 259
2 245 265
2 79 249
2 207 214
2 217 201
2 21 223
1 1
2 203 206
2 82 85
2 138 205
2 136 290
2 244 296
2 228 156
2 127 271
2 241 196
2 25 0
2 119 112
2 73 10
2 152 282
1 94
2 273 213
1 39
1 237
