3 3933 6467 7825
2 8789 3912
4 3724 5388 3146 4740
8 621 4395 2351 1180 7693 7609 4515 8479
8 5113 6950 3529 3489 7165 9442 3348 8639
3 169 6748 9214
13 521 878 9513 6001 1915 2085 3118 8043 7982 6334 1432 1207 8530
5 3093 4724 1672 3436 8168
5 8630 7055 8 6362 3279
3 663 2273 5706
4 8710 8301 4348 683
5 6971 8957 937 6704 3931
2 4103 2679
6 9426 4743 5465 6476 497 9561
7 7159 6627 6973 7253 8072 5472 7133
8 8236 473 7692 7213 9609 1547 7375 5449
10 9720 9314 7495 1839 6920 9397 5523 8616 1968 3795
2 3569 3873
2 5672 64
7 7026 6054 7217 4268 9114 5131 4277
7 1039 5090 7098 7417 6508 4091 3445
6 9646 3958 4225 8414 7077 8338
2 6111 9427
6 779 2244 1241 4145 1722 2635
10 8628 9671 337 2484 298 1705 5273 9853 433 1507
4 1278 6169 2800 1488
10 1465 6135 2302 6497 6874 2110 9355 1887 8361 560
4 4519 8543 3316 2090
5 791 3219 5522 3825 378
5 3479 2275 5665 3077 5871
2 9472 325
3 8924 9329 1261
3 1841 8921 8498
3 7740 5571 430
6 827 1123 7999 5225 1226 3851
9 6811 3251 2284 9801 7801 9175 7816 8779 9096
3 8850 9937 1896
4 1620 6341 9766 3342
7 5473 5932 6332 710 2458 4342 956
6 9107 4408 1220 2055 8039 6166
3 8686 9573 5857
8 1796 6449 8161 1737 8718 7858 6750 396
7 3606 2656 9797 8144 3130 9673 2363
6 1828 6977 2276 6919 848 3683
7 9254 918 8693 4611 9841 2428 1334
5 6635 9111 8439 385 7757
10 4002 196 2688 6746 5614 5338 742 2970 7594 4360
5 682 1318 7460 5675 6797
5 6799 2934 6819 3742 1125
5 3065 8380 2703 5520 6642
8 358 6008 5680 824 6172 3589 853 877
7 6383 9236 7991 8096 2907 4654 4444
9 9260 5689 1441 6266 8531 2134 59 1557 1293
3 8896 3380 4319
2 8022 8577
10 1057 3164 4328 6100 6033 6596 5063 2726 7572 3287
7 7207 7523 2588 7900 9970 2279 3573
3 8225 9517 8836
4 1257 4955 8834 5682
5 8382 9 2530 616 2252
6 1669 2072 2159 8671 1503 555
5 9717 9421 2292 6457 3369
8 1897 1954 8056 3859 6839 3995 3043 7650
7 3053 5252 9371 6408 2227 7294 6552
4 2106 7093 6698 2245
3 3346 3069 6893
2 2658 5256
5 4897 3408 5262 8644 2841
4 136 4186 4508 6115
2 8377 2183
3 7161 4413 9414
6 6574 7409 3686 2675 9692 7442
5 2833 9241 4385 4933 4155
3 7223 3314 1288
5 6122 8133 7748 3402 9098
3 5253 9466 3110
5 1449 8054 7151 757 9204
7 725 5243 4365 5833 8978 5592 1767
2 6479 1505
4 3495 9117 1139 4044
4 370 1600 7472 931
4 3803 2306 6439 3136
6 4596 9194 2366 6471 3853 5179
6 1345 468 545 9532 3641 4792
6 4895 6369 5923 3518 5342 3187
5 5308 1802 1569 765 1898
5 838 1101 1343 6237 1989
7 7365 4835 1287 8320 2651 1434 597
7 5574 9219 904 7647 8287 4320 4727
8 3332 945 3937 1312 305 4111 9968 1635
6 7120 9936 7320 6784 8706 7045
3 1019 1078 7092
4 4663 9112 4846 9494
3 8378 3969 5655
3 5337 7058 6385
2 939 4905
5 239 7868 2049 3676 6996
6 62 190 2682 8019 6835 3951
2 9476 2322
6 5093 2864 5611 6195 8989 6329
4 2574 8154 38 8044
5 4843 3572 6677 4865 6594
7 2662 1402 1571 7004 7719 1160 1162
5 1418 5501 429 1133 3270
10 501 2060 3017 7619 9270 5429 3174 2510 9540 2084
6 104 445 9327 6613 4232 8804
4 7424 5172 7418 1511
8 3177 4313 2743 2892 4761 3719 7556 2999
2 2508 5013
6 1996 6980 456 6795 3166 8005
4 4642 9380 9334 2513
5 3003 2913 9866 6265 4789
3 6870 6209 7323
7 4037 5184 5899 2147 1847 1718 4841
6 9223 5087 9370 6132 3157 5040
5 491 3052 3458 1967 8524
3 142 8941 4783
7 2390 8181 6343 9050 6387 3699 1151
8 3009 2446 4179 6373 7578 2129 4061 5132
5 650 4184 8582 9635 617
5 6998 8801 8912 427 8594
5 7664 2634 629 9929 8372
5 7131 9589 3528 2391 6366
8 7738 3267 4289 7616 5900 9486 4463 295
3 2813 9035 8637
8 896 1112 9224 9851 2608 4712 301 1994
6 4171 4655 1728 4292 2271 3646
2 7441 2862
8 7360 9728 4104 2380 9861 9505 2451 5569
2 5586 5848
2 1410 8327
6 8635 7622 9689 5415 3304 7447
8 3364 9526 4995 3375 3726 2016 722 2599
4 1534 5370 2190 5869
2 1929 3514
3 5543 8185 7199
2 1134 3286
3 7896 8466 4349
10 527 8555 7318 1469 5521 8655 2092 9153 4560 403
2 9326 9292
3 1387 5859 4039
4 5413 5231 4149 7551
7 3382 228 7550 9072 7634 4725 4534
3 1224 3985 9310
6 6254 6275 898 4241 7237 7301
8 9510 1502 6296 122 6640 5125 1815 3335
2 7049 2705
8 9992 6929 183 2971 8375 6982 3361 9261
5 483 540 2877 2476 7394
4 9425 3753 4374 6758
3 6453 1349 2614
5 4791 2744 5538 5075 406
2 1558 1823
11 6570 7656 376 1243 1862 4355 3591 4591 1864 2067 3517
6 2423 8867 618 9354 2453 6496
5 7491 6625 2897 5205 6711
5 2578 6098 5108 7103 1165
4 728 6738 9677 4820
8 338 7963 7823 5802 3222 3725 3064 3100
3 6789 8246 3812
6 2472 5890 6108 7306 2013 9205
7 4816 7322 4904 3401 4080 3586 806
7 5367 2435 6071 8118 216 3056 2234
8 8208 8190 1944 7445 1176 5631 4294 9746
6 9036 1148 8121 5345 9982 5085
8 5765 523 2402 9722 7555 1914 4907 8424
3 778 8700 6120
8 8889 7685 1589 5057 1568 6149 9669 6215
5 9095 8826 8314 822 3139
6 9969 4733 4780 975 4047 8082
4 1826 6016 7937 6565
3 5606 175 4259
7 7701 3704 7158 1969 5876 6571 6109
6 9846 7880 9152 1581 1290 6205
3 7569 4622 9939
6 3483 5143 7563 18 6547 9818
6 7905 7272 2108 813 9892 7791
8 4665 4128 2778 724 6259 4432 6501 3299
9 8075 3089 1122 9093 7920 7783 1438 5846 8367
6 812 349 7533 2770 9344 2328
7 4981 1536 5246 8552 8092 3006 154
3 9536 7818 4837
8 3622 8855 3460 7741 138 4369 1653 2699
7 7212 2111 7975 9544 6458 3425 6639
8 5145 4466 4429 5604 7111 2449 263 2821
6 1189 602 5209 2542 6131 173
4 9139 3259 4954 993
6 882 575 447 9319 8059 3255
2 8069 8223
8 1451 8343 2296 2910 9779 3478 1346 8674
3 1184 7795 9558
3 4124 6730 2210
3 5841 1275 2396
5 4282 3095 9625 5174 1163
6 27 5667 2236 3051 5533 3141
5 6030 9188 4929 3101 4062
3 5691 1300 5548
6 8112 1047 6287 3755 9991 795
8 5901 4031 4527 1940 8448 7115 6041 3446
6 6803 1687 5528 3562 6288 3672
2 2117 373
4 5297 8143 8147 9304
7 2598 8313 5794 8690 8122 9374 9902
6 7837 6876 2818 9401 8178 6492
4 3133 3021 1196 4248
4 6546 6370 2664 231
10 4833 2737 550 4439 6414 123 5782 3850 4327 9990
8 520 4020 223 9924 6504 5907 9192 1422
5 1482 6881 6736 8480 6864
3 6210 8418 2272
7 6923 8205 6788 796 4876 4610 3862
6 6048 4889 343 114 5242 7473
6 8799 2193 6138 3531 1983 9412
4 250 2225 5822 5488
7 4616 159 4258 2932 4156 1827 9603
2 7404 4592
7 1917 893 3016 8862 9383 1493 1532
5 8385 6987 1020 9904 5947
6 5194 4522 3678 3262 1725 9950
2 1038 1070
5 5922 6585 3880 2303 214
8 6519 2039 1409 119 5494 3343 413 6598
4 5318 5403 7694 5866
6 3260 4516 4976 93 4283 7041
9 3373 5208 1231 2254 7148 3072 314 4549 5183
8 32 2419 8456 5081 1592 5580 7381 7527
7 225 2996 810 1494 4172 8077 1370
5 3400 9623 2755 8120 4711
4 7958 8657 5629 1219
3 1212 9014 6317
8 1742 8660 9907 744 4827 9984 4279 6772
6 6188 5581 7452 4131 7525 599
7 1340 553 6421 7422 4987 4370 3815
8 6939 9102 9202 9213 3942 14 2056 5565
10 5906 6324 1834 7802 1597 1604 9133 9817 3923 6549
7 3814 9930 6088 8767 9131 3418 934
8 9226 4847 3888 851 6777 7766 7608 6805
3 3877 8618 5280
8 6826 7134 4034 4885 8219 3840 9141 8081
2 2208 5199
2 3617 7286
6 6069 2767 8438 4848 8191 5958
10 4969 1800 2668 463 405 7490 7065 5965 2483 9493
10 462 7254 4021 1845 9554 3900 9376 4804 4947 9149
11 8591 5576 9952 7333 8873 785 6182 9161 258 1316 2584
4 4083 472 1578 2544
2 1150 5766
5 5028 1771 4276 2586 2724
3 4927 4120 7641
5 775 2266 5020 2274 3984
4 9362 5723 6983 2784
4 6097 8517 8023 6290
6 9629 2078 3631 1063 6026 7509
3 9777 2627 4574
4 6147 9638 3925 6671
2 5244 7073
4 7885 7252 1701 221
7 1498 9839 6472 360 1559 9700 404
5 5436 3616 3313 759 4526
3 8217 917 7865
7 2014 8444 6232 2983 391 9134 7824
7 8583 469 4136 1271 6170 4849 2385
6 6833 5530 3046 436 852 1003
4 1750 3097 1247 5315
4 9446 2348 9757 2168
3 9886 8874 3309
6 9039 2058 7308 5953 3329 927
3 8396 5173 4160
6 3939 3790 1799 6943 9776 5151
2 8131 5504
8 2146 8643 7947 487 7528 1001 1304 2217
7 2232 4659 1980 7297 8759 7775 3749
6 8135 7369 8735 8740 147 8869
4 9560 3643 6110 3878
8 8664 5200 2214 367 1565 986 1193 6757
3 8527 557 7712
5 4257 6710 3794 7413 9429
9 760 3735 8849 4731 1357 7598 2416 737 7060
5 8858 679 6997 9172 7750
7 4391 7576 3360 5306 8870 4799 840
5 8899 5737 9793 638 7536
3 5079 2597 9662
4 9651 9916 7931 6556
5 5455 6957 5668 1783 8547
6 1475 844 1965 1492 9582 3907
5 7915 224 3857 5944 9805
3 668 181 2387
5 4126 5038 1132 2509 7190
3 5720 7717 4911
6 3675 1041 3929 1079 3908 8654
6 5442 4970 6481 9068 6435 8865
5 5417 1378 9016 4264 6338
4 3377 9827 2659 4158
5 5129 2798 8171 6070 980
3 626 232 4619
2 4662 5617
3 6393 976 9915
5 2141 8283 327 4017 5508
8 4825 6620 9627 300 9367 5646 9278 3582
4 3892 2562 5697 2644
7 7493 4167 2018 5730 3723 9491 3047
5 5849 8087 4431 1254 3894
3 675 4603 4806
3 8556 4750 4026
5 3513 8720 5204 4803 6165
4 4553 8011 7341 109
3 3618 4338 2674
3 1948 5843 7893
4 6162 6221 345 8128
11 8243 9778 823 2231 7234 8956 8763 7436 1816 5193 7910
6 5870 1033 4844 5201 4739 6956
5 5458 7266 3386 4013 5547
4 5641 3289 9023 3806
5 7118 7759 7036 7293 5939
10 1912 5827 4336 2759 723 3534 7601 9369 6579 9545
5 2891 1544 9585 8737 996
3 8145 7986 1675
2 2169 5600
6 99 1920 8452 8247 7250 4627
3 3883 7543 9086
8 7171 8465 5601 6887 6562 2130 6337 91
6 317 8993 5251 4302 15 7303
4 3233 3994 5861 4161
4 5239 8350 6040 1662
5 9022 1613 4606 76 6650
7 1520 6734 9578 6888 2379 346 5309
4 5751 1006 9774 8337
6 308 8821 2601 8694 5744 8212
5 2988 4 2285 8930 2260
2 2163 87
9 4653 9340 7860 1457 3584 2441 6931 4866 1807
4 8642 4226 1646 3668
5 2803 6979 8210 2925 2618
2 6494 1031
6 2716 2590 7504 3588 9433 8484
2 4891 4928
7 237 4423 8589 7412 3625 2946 4609
3 6118 247 9574
4 9395 3737 3405 5854
2 6063 3649
7 4253 916 8167 4323 8847 8551 3295
4 2286 6025 8404 9768
6 3677 3538 5283 20 4480 5591
4 6052 6260 8945 9881
4 2157 6257 8647 8016
2 4538 4451
6 8351 8391 1830 465 3112 1050
9 5713 3772 5464 3953 6873 7758 7397 1014 8324
9 5289 7321 870 8487 3435 2829 8790 3852 1059
6 6284 2082 6271 8794 891 8062
2 4243 8539
6 3203 8579 4306 3788 6802 8355
9 2081 6438 4304 5998 7421 9053 3441 687 9144
5 342 6968 3204 4677 2352
8 8733 1032 3868 9934 7005 4870 1999 193
7 1774 2161 3744 4334 2805 2019 6909
7 5360 7269 8009 1497 2691 1932 1348
5 9988 7772 9838 4589 6299
7 3961 9303 2761 3718 2777 7890 8981
7 530 4345 6845 4478 1614 4479 2845
2 7173 637
6 7249 1717 1200 8331 1856 8163
6 7902 3200 144 4350 6507 8980
5 8514 8696 464 1210 2807
7 7661 7763 5605 8249 533 2107 1082
4 5058 7279 4713 9685
8 2696 3159 8752 6379 3394 2622 1009 9267
5 8261 9060 3619 1608 1266
5 4801 9997 7700 5103 7327
5 8580 2935 7366 5398 2
5 3467 5624 1510 1900 1752
6 9164 6024 9189 8357 9227 8842
4 4247 505 3664 2151
5 3463 1556 3120 7654 9565
3 6201 3690 4772
6 5525 1899 2184 6127 1551 8474
6 3972 1234 2456 9453 2792 8833
5 8229 6664 3390 282 5510
6 3123 5447 43 5666 9281 4162
8 145 8983 1311 3340 4914 4452 8134 2189
4 4822 9796 5029 6469
3 7827 3032 8844
6 7645 8233 1657 7182 7467 4023
10 8025 2552 3487 6641 4934 8341 6248 4281 6602 2383
4 8146 6342 841 2062
5 903 7962 2848 6986 6328
5 9169 9335 8535 8631 701
6 1711 7618 3535 9906 1909 7873
4 1522 156 4206 6196
6 9125 2893 9038 3209 1585 170
2 6185 786
8 7067 6765 8602 5450 6067 7713 3983 3639
5 5967 6020 8701 7707 963
9 8408 9857 997 1237 2124 565 7263 4506 6394
7 1617 293 6395 2474 341 5261 591
3 9430 6440 1631
4 8853 4958 2840 9280
9 7324 9015 6858 4072 4069 6816 4042 8813 4551
5 8482 8901 970 7420 1048
7 4767 3037 9352 921 3770 3515 2583
