1 2107
7 7411 3193 7415 8131 3531 4927 4141
10 2485 9500 228 3801 8324 4635 7841 1264 8896 9441
11 4477 3616 2438 7844 5387 762 4957 1738 4265 5343 1220
18 4378 6595 197 2557 8454 77 4096 7075 2500 6630 2519 7719 2573 4099 5553 5566 4051 2058
9 1090 3697 1068 5550 9889 178 1780 8949 8905
5 4712 601 3113 3145 1172
7 8656 3880 9710 8582 3622 7207 7447
10 6766 377 433 3446 4458 343 7063 5310 8659 2490
18 9322 9470 1572 7929 9468 1362 1125 87 6560 1710 5818 4422 2206 3326 6187 3076 9954 1487
8 5322 9443 2655 4006 5193 2388 2185 1461
15 7204 7289 4459 1115 7603 1925 2029 820 9148 236 5913 8395 3984 2294 6341
14 2779 5112 7051 3910 6397 2374 8515 2995 4766 1349 4509 1411 9287 1446
5 9848 7238 7126 9418 6283
10 9957 9496 9159 7104 8768 9549 6795 53 2643 3266
9 5630 2398 1202 6818 7655 8655 6274 8587 2637
6 9485 7638 6656 5589 5835 5534
10 7233 4195 7729 8188 2176 2666 9614 9210 6844 7948
11 1995 4228 9223 44 8644 1265 8756 6313 9979 7364 744
9 9576 7697 5267 8671 6875 1367 2318 5636 1080
9 2231 9396 5733 8531 8388 4690 9038 1380 4526
3 8107 7690 2042
3 7426 7326 3552
6 2763 784 8637 3517 9869 6329
6 2753 467 6481 1557 6148 8064
17 7074 5939 3056 5187 4739 9119 1588 9728 7243 450 1443 5716 1301 8400 7921 1035 1232
6 655 171 3219 1230 1184 4055
13 9533 1269 9368 9515 7121 8235 2287 4823 1496 2937 1089 3810 5966
18 6461 4263 3997 3203 9405 132 1338 8847 3549 5088 4642 2960 7004 2202 4487 3111 4991 634
10 4715 3679 5765 2571 9774 1542 2116 8799 7653 3490
4 7952 6129 7649 5440
16 6703 5924 5602 8213 4368 7975 7465 182 4344 7216 2144 4771 1452 625 1796 4086
9 3941 186 5593 5007 4840 4380 1148 1474 7018
16 2531 8994 2550 2259 4824 4742 2018 6097 7915 4346 7181 3501 4528 3670 9158 5695
9 1355 2075 7580 952 4597 4330 3374 3825 5431
10 490 6042 5369 8209 2625 7219 3514 7492 1707 7160
6 2574 3388 1864 6491 1903 6668
5 3392 4906 7722 2512 4610
6 6524 3659 9702 9346 6850 3759
9 7768 1554 9253 3251 252 8629 1219 7448 1276
16 6064 8697 489 1438 1927 6005 757 8623 3614 7764 4356 5208 6246 4839 7824 2138
3 9986 6091 2145
10 3250 2028 7145 7746 1434 3497 640 4621 5921 4052
7 2536 1795 3104 5570 4236 7010 9613
12 6470 8316 7421 2903 8145 1717 5368 223 6939 3436 1503 9256
12 9554 4092 62 6404 8244 1769 7240 9896 2008 8545 815 8592
3 6255 3227 7306
11 7036 3502 1295 7186 209 9238 6234 5518 5137 4432 4321
4 2061 4310 6172 4803
14 724 1511 9970 3361 3999 5472 2143 9987 9482 5015 8049 8306 2806 8368
12 9925 9034 4521 6158 2031 8693 8774 2585 9334 4497 8154 4416
5 804 452 6576 8866 8177
12 5756 3238 7259 8893 988 7078 441 8157 5823 8960 6133 7901
6 5562 5730 1937 1869 2507 3606
23 2906 9298 2346 82 4617 905 4633 5828 2973 9518 3241 3362 7855 2392 3431 3838 8669 205 7546 887 3013 1126 8349
6 2804 2114 6299 6641 2858 4122
25 3537 1918 3312 6599 7784 4403 2792 5884 3599 4082 6861 2673 5768 2472 4935 4805 9793 8975 754 2173 9621 3988 710 9192 8144
12 5377 4645 2728 4853 2376 1037 1273 6137 7215 9628 5853 5144
12 751 8953 6456 4565 6366 9197 6959 284 4796 4540 7161 8764
6 8111 2495 267 6614 4277 449
13 9839 3937 1855 772 720 822 9804 7625 5212 1653 522 2343 73
12 8863 4750 5224 8692 4494 7073 9274 9469 1990 2565 9296 785
13 8943 6805 4048 4892 1810 769 1712 4059 3978 4298 440 3384 2760
12 9863 32 7493 9483 2307 95 2396 972 9802 4867 7297 1331
4 1746 6422 5033 7710
10 3536 5646 4061 7990 3832 1943 8618 7274 4015 6740
7 1720 6034 1765 5039 2258 4576 6505
4 6992 9842 1445 2708
10 8484 8705 575 2464 8627 3629 6928 1592 7594 9738
9 3218 9968 1695 1985 352 8057 4640 9056 8163
8 525 3619 9010 4599 2596 9212 3058 9473
23 9273 5177 4826 30 8687 3944 4554 5076 3256 7367 1187 4118 8851 7300 8597 7553 7124 9498 8792 9821 612 2864 9080
10 794 980 37 7427 9768 788 7038 1476 2587 379
2 7414 1491
7 5115 4024 5947 899 5065 3116 327
15 2256 6562 4231 7468 50 3635 9239 8613 8539 1334 5371 4204 4553 2215 9259
7 8094 1031 1113 2476 5666 345 586
7 1111 561 995 9797 2560 7217 353
3 4901 5051 1546
6 5136 8493 6424 4916 9577 88
11 7024 7874 4755 9145 7728 2267 3841 9491 826 4841 5037
9 1466 6541 8662 2654 2534 2733 9481 258 7515
4 5656 8540 2423 8033
14 9041 6355 6105 9807 6919 5376 8969 9392 6111 9261 4552 7144 5647 7307
14 2227 9692 3492 431 5106 8169 1758 6729 6548 6170 8029 7688 3628 1790
7 3719 1323 4950 2463 7922 4131 7187
3 4539 2878 9308
9 5474 4855 2853 7857 2304 5811 5738 3103 5942
13 3605 4255 8071 1668 8931 239 5969 4385 8732 697 5721 8759 1682
10 9460 5831 8452 1144 4648 4376 6787 6776 1791 2399
4 8439 902 6090 7893
10 1622 7966 1894 4878 2736 9966 1141 2839 948 9442
11 2083 2501 9292 7579 9459 9156 6113 950 1942 5340 5446
3 4825 960 7130
17 9870 6212 707 278 299 8516 2606 1012 1341 7744 4583 3150 2303 8427 6077 2178 4736
4 3634 7286 6434 8079
12 4460 3411 9751 3736 6847 2688 1843 8059 5987 1087 4987 4966
15 8716 22 6253 5324 2852 8668 8585 9927 9175 5739 1832 2848 7368 4768 3050
7 5188 348 933 6963 7961 8636 7811
1 7264
12 9344 8987 9215 9596 5277 4751 9713 7818 5113 819 9803 6300
10 4928 1672 9243 6528 6514 7270 3477 6545 9528 5217
6 183 5473 9805 4357 9138 328
23 7992 3324 7071 1771 9612 9150 7584 4004 2618 8757 3632 8232 1439 8478 2410 824 3069 8280 4345 6440 2204 6337 590
17 5069 8873 2705 2855 8441 1933 4112 9605 3207 2446 5717 453 534 444 4493 6023 5833
13 227 8082 8171 7309 7538 125 9387 9938 6004 9180 4244 9982 6430
13 2829 4324 3638 3305 1781 5341 7252 2783 5501 208 5556 2805 8503
9 6883 8359 557 5325 8125 8846 6225 6790 7239
13 6475 7810 7236 6988 350 7926 454 813 7756 9832 3143 7083 2797
9 1913 2608 5163 9933 2435 6730 7392 5218 9127
11 2220 2345 1189 2422 3824 8853 234 3761 3083 9833 6882
6 4949 5836 7913 1893 7635 5413
12 2242 1862 705 9662 5544 230 1500 8187 1824 8715 2981 7882
6 8808 9087 726 1984 3767 8938
12 646 3893 5142 6593 5912 9501 6445 518 6781 7165 8361 4843
10 2272 6836 1246 4925 864 7654 6973 2288 2012 2369
25 5580 7507 1895 538 3317 9771 3757 7785 6050 1649 5395 5929 9816 7305 2408 4313 8725 3791 2474 4201 3964 3476 3303 5035 3052
5 8074 3328 9932 1835 9351
11 222 4286 7721 1602 3189 8015 9147 6142 3851 5257 742
10 3301 5841 5990 895 5767 1052 5253 9478 7803 5263
8 3483 6842 7743 6558 2541 5239 7977 9617
5 8320 3872 1419 9784 6165
6 2327 9882 530 5279 562 2203
8 2620 5483 4931 9174 1370 2980 9788 193
9 286 4933 2274 7617 5025 5679 8688 8314 8402
19 1132 6497 7500 9412 316 4837 5977 1852 276 175 5127 8326 7828 6969 336 9892 7081 7886 9385
16 9910 7491 8570 9291 2510 9429 3438 3134 1823 1394 567 3064 977 1663 8990 3159
10 838 5445 9997 120 201 1501 8647 9873 3780 2322
6 6030 7371 7114 6216 1374 1179
11 3311 4580 3495 2782 2997 4873 4450 6520 6860 3930 5286
9 3804 9426 5381 3961 5785 6612 7577 1284 31
8 7340 8072 3584 2255 6816 425 6202 9623
4 2076 4397 647 7590
19 976 1092 4568 5006 6741 5169 9742 6911 1858 8773 5844 6657 2393 1646 6650 470 4778 1567 5154
12 1819 1524 4028 4237 5658 5168 1382 6453 2791 7382 4896 5848
3 8694 54 3442
16 7293 4905 8378 2986 7488 1683 2078 9128 8972 8761 154 6332 6983 4915 4394 2744
11 3888 6276 8658 1317 6058 5983 3876 1773 6532 6745 2761
6 8118 533 9005 7162 8181 5700
6 8612 1528 2328 7712 2611 7190
6 6161 6369 7049 102 9457 7198
9 5138 7377 8063 4673 3695 275 6323 969 6468
8 7344 14 4483 9425 9177 4424 2338 3556
8 5780 7266 2767 8223 2849 6564 4865 8781
13 8498 3195 679 1685 3985 2899 3434 1664 4612 527 9524 8615 4219
12 4661 3779 2639 9529 9114 6660 6817 8241 6683 6178 2939 6374
18 3836 9281 3875 1516 3830 3648 3938 3322 2722 6 1061 1316 2687 6704 6130 6709 488 4455
7 2092 9191 2701 5690 4513 6330 5669
5 4598 3037 3309 6207 4062
11 9657 6399 383 7919 2361 4945 9874 2007 7460 6887 4327
7 795 5498 6742 4977 4362 4209 1093
3 8385 9600 6107
8 5323 2156 1777 4148 628 1911 10 3915
16 8242 2800 6645 2820 2332 3496 1499 6219 7871 6144 906 4866 2020 9204 2684 8562
6 5758 212 4396 2788 9447 6068
4 9904 2752 3952 5807
8 1715 4168 1590 836 75 3787 13 1017
5 8832 9552 9767 5255 8736
6 3739 2163 6233 9700 8468 6807
10 6531 5709 2093 6263 4890 5328 5470 9667 1805 4088
5 9321 5269 5489 5537 3144
4 635 6588 6188 7541
8 5711 5509 7799 9681 4844 1782 2436 3199
7 5303 8790 961 3652 155 2630 674
8 214 1932 2979 8479 3128 4761 6269 9504
10 8492 2720 6726 7076 2131 5845 4845 2084 897 5694
10 2266 3852 1650 9099 7170 8502 9255 6698 5745 9995
25 3465 6780 2577 8607 9105 5751 7177 7920 9089 4358 2151 97 5732 6186 662 8793 1011 8767 4790 7139 3981 6624 411 2546 4503
19 7093 3995 7338 1970 9260 8751 7472 9361 2035 3248 875 526 6214 5979 8344 4197 3925 7156 1569
13 1260 4072 1095 7089 752 9763 4545 2830 1688 321 908 8595 485
7 6217 4951 774 4698 8723 6264 2244
11 6406 2570 5355 4910 9709 6390 8848 3100 3892 4789 5351
8 2117 3455 2295 3124 1637 4749 5699 7189
10 4441 7973 3974 7193 8406 1170 9969 1929 3522 3904
6 4390 7501 2308 5517 5068 4417
12 1634 6243 7461 828 7123 5385 7914 1497 5258 5008 3977 3386
7 764 6321 9289 9885 927 4132 2387
9 3623 4517 4941 5290 6736 9958 1040 2799 5118
23 2651 6015 9217 9216 2159 49 9008 9876 738 9666 1536 7791 6523 4787 4971 9427 2814 3705 3912 1878 904 8069 7122
14 2819 9017 2695 703 8915 9227 8926 7523 2089 6518 1173 3519 7609 3754
13 2633 5109 8914 4033 7587 8603 1004 4923 3821 3986 2340 2876 6628
12 7632 7109 8108 9868 7735 6302 3254 4128 9897 2494 3260 246
21 7418 6206 1897 2305 8957 1804 1564 7292 3003 8453 5519 6994 5040 6798 1940 6598 6507 1923 4812 8730 5095
6 1257 7880 4893 5107 3342 7925
10 9985 9283 8342 2713 6362 9339 202 2214 9020 366
7 9350 3720 7452 4672 7502 7254 1414
9 3435 2941 1105 6553 5904 6309 2659 3073 4135
10 9061 6401 2735 2945 4039 2612 8091 6804 5868 9316
2 5885 131
3 6878 9895 8560
7 8419 677 3077 6632 2149 973 3389
3 1274 4087 8345
5 4719 613 7348 6869 6164
19 6241 2548 6003 6769 8787 2671 7737 7552 2863 4234 1495 1856 8494 6340 7758 5234 6903 6895 9463
4 387 8678 3232 9980
10 9649 5755 3432 5081 3991 8132 5149 3010 2581 5459
5 2367 6016 3308 2001 8630
9 9696 3257 2123 5173 2465 2429 6483 261 1277
15 1076 6322 8451 4408 9655 5287 8997 6504 7409 7439 3936 9115 3818 7951 4379
18 7519 7258 3460 1721 7311 9257 9809 9166 3889 8828 5909 4900 7423 9111 5881 6596 5401 7647
9 4273 8448 1145 2165 3896 3415 4347 6731 5308
9 139 1267 8401 2180 6009 5914 5453 3506 216
18 4765 9585 5288 7084 8247 1108 177 6951 5082 9264 2615 5877 9531 8676 8904 136 5597 7884
6 4588 7766 9787 4445 63 1545
7 8814 8661 4870 2963 7843 6014 8566
10 9676 2489 7853 133 2968 3419 8856 7346 2277 5946
13 658 2381 5664 9337 1681 3969 1963 2193 460 3570 3884 2497 8333
10 7571 5523 1951 1601 5011 1896 4875 86 9054 6885
8 1168 5584 9668 8989 6055 4220 2555 9433
8 3833 9077 7043 1055 6565 1690 4964 5162
9 3168 4563 4754 1272 5992 7907 6136 8092 8517
3 6851 1199 8724
8 520 94 4994 1001 6732 9859 4804 1512
14 7798 7199 2892 9815 1848 5430 6643 1486 735 3829 3466 4331 4593 6559
3 5723 6917 2134
18 5223 6834 168 858 1816 4573 7387 909 7793 4002 6370 6281 2672 9972 2371 1363 7342 4655
9 8105 6125 6120 3950 1789 7463 7234 5856 3665
12 7858 4912 9039 8088 5246 1642 523 8217 7540 9230 1336 4744
11 3016 5281 7551 2271 9984 8412 812 8496 9820 8289 8580
9 8561 7838 306 3314 1313 3943 5296 3897 6357
8 6089 1950 5407 3473 4191 2518 6047 5753
3 6584 9604 3280
15 3093 9413 7622 2854 9340 4034 2317 70 254 511 6239 4997 8224 2699 4084
4 6480 6028 9624 8357
11 6319 2908 2473 7441 8290 5495 6723 8951 7931 4248 8002
9 1983 8588 7953 1669 8268 9088 9536 8375 1288
6 3001 1235 685 3957 2840 8806
10 4395 1541 2769 7848 3554 554 9185 7916 7771 1385
6 394 3533 9313 7352 3595 1030
21 7700 6122 2397 6398 6970 4107 6923 268 1997 4281 749 6033 8205 7431 4567 6229 6218 1218 100 5707 6579
10 9476 2333 2724 2164 8495 6692 9058 900 8227 501
14 6984 4854 8487 5165 8123 5128 8780 5480 6609 3119 2015 279 3814 9822
6 6759 6389 1921 9541 2111 9744
10 329 2122 1234 6486 5740 7178 3642 9390 7616 8946
7 2237 1553 4085 3748 8009 5673 9146
3 1208 1766 1400
5 3440 7846 6658 3399 1626
9 2832 4291 4400 5197 1315 1643 8849 5471 2310
9 427 9349 4725 8864 6386 5926 1745 4730 4501
18 4847 7944 5408 2010 5857 6166 6605 3955 9671 9199 1283 2617 921 7480 4657 5941 1543 2815
9 3488 6262 3811 5421 9707 1635 1648 2060 1418
6 5915 5661 5650 7399 7456 621
12 263 2097 6372 8011 9814 4199 5077 2870 2605 4968 5734 1186
16 507 3087 2179 3511 5668 2929 6344 1550 3112 4165 6649 5541 2154 2505 2236 3732
13 9196 8981 1969 3225 6718 7984 2622 7132 9400 9670 6010 3081 8012
6 1987 8746 3006 2601 9189 4251
10 3523 1242 2710 2808 7054 8258 3870 6828 6873 1793
24 5522 5989 4159 1968 8499 7786 5085 3672 2538 9571 7052 5119 6419 7298 5697 6449 7892 1279 8826 4068 5248 4769 5080 1644
6 5525 4257 7711 3708 3725 486
12 1119 7955 8128 6311 3295 1086 4795 335 8449 4472 1329 1666
4 1065 2032 4329 9607
16 7859 6147 4139 3407 6002 374 3020 7389 7464 3041 8210 8214 3927 2588 287 4452
7 2400 4054 6094 2157 9879 1556 2803
6 3717 1741 741 9741 9665 48
17 9198 9976 6282 9249 5890 9587 8963 9881 5123 386 3631 1213 4212 5411 2101 2046 368
16 7337 8159 2038 3401 9783 5891 6716 7174 5974 8551 9574 7090 6292 6114 2090 6544
6 7466 2177 2424 6041 519 1358
5 5103 2248 2627 3082 9320
11 7957 3784 8053 8020 4979 2631 2386 9627 1725 5829 3230
7 5454 1444 7630 4763 6511 5049 3040
3 2678 592 1005
4 9527 8486 6417 4506
10 6093 5378 1378 1947 5312 1538 277 1435 6820 4810
17 1082 1088 681 7154 8638 1775 7404 9765 863 1 4081 2051 5235 8695 5190 6118 5508
7 7098 1036 8036 8480 531 5126 7534
4 2175 4559 2451 8554
12 3683 1748 3182 4758 9902 5919 6865 333 7412 3843 3588 8885
4 6942 5210 5981 7229
13 9913 1163 4801 3240 4745 191 9246 8165 8985 9116 85 5619 9936
4 4184 8594 3166 1123
10 1670 3454 698 6084 1941 7707 2582 6881 4830 9993
7 9507 7031 9499 4188 4644 3653 1607
10 3125 4523 2270 9943 8090 6237 2644 1154 8425 1200
9 2350 9398 7801 929 589 6384 3014 7644 8747
5 2268 3949 722 5055 7889
17 7671 5022 7096 7868 1935 9538 5889 1228 1609 6786 2055 5268 7385 9404 7202 1759 4897
21 5339 4511 5174 6060 370 6849 363 7138 9370 137 1973 7201 7360 6690 4665 7714 8023 1776 9244 667 2994
17 1860 6326 8083 7228 9266 1509 9740 5056 5693 331 1026 4351 4965 2983 2709 7631 9956
10 2104 3011 9055 945 3690 984 1872 7917 4779 810
7 2859 5140 7832 9770 5333 7040 3486
6 3733 3063 7652 4160 6209 5222
7 1131 1757 1072 8076 4678 6808 8024
17 93 605 1544 2285 4260 1100 3294 5680 9810 5830 9220 6026 2676 4972 9347 6659 4808
14 1839 8734 1857 9648 5771 4857 7119 4743 4851 274 1651 1610 543 3722
7 7547 6176 2441 9431 1958 545 3247
3 4171 2718 9110
9 6062 5366 3956 5731 3456 1880 6069 1410 5166
15 5567 2896 6476 521 7034 7890 8077 602 645 5350 3776 7698 3571 4668 8366
9 6581 6547 3426 918 3133 4040 7796 1281 6508
8 3035 3550 3529 1333 4791 3202 7985 3885
5 7663 3212 2254 4354 9207
6 6775 472 8343 3071 694 8505
3 1988 8311 417
5 3914 7564 4720 1289 334
7 719 3409 2456 1586 5600 4264 7557
6 7335 5044 6829 1980 7003 3282
15 6444 4856 1584 4718 9685 9408 7545 9023 8293 9100 745 1436 3172 4047 5448
7 2940 7808 4685 3603 7819 217 3185
15 922 8019 4120 3775 6013 6936 3685 339 2703 1399 7821 3895 3587 1889 6250
15 6710 8150 9922 2674 2141 3987 5801 342 6580 7210 808 537 5887 6007 7085
7 8367 8683 2706 6803 2433 2762 8176
10 9990 7979 9616 8354 5374 9644 5747 8620 7887 1337
7 4232 5105 3798 2056 582 5227 9778
14 2447 8646 2918 6540 9407 6735 3302 2462 6667 5558 7471 1300 124 1555
10 3467 8353 886 1328 9961 5202 3975 8259 4339 6566
6 1451 4063 4534 7370 9277 5858
7 4230 7334 7474 7867 7017 1039 9113
11 6408 4211 1423 1097 2457 4042 9449 5252 5211 9636 4637
9 3121 2647 5564 4169 2877 3028 3107 3958 4626
4 8898 1047 5321 6688
11 9619 8986 5141 3859 4887 2568 6380 4111 9806 5416 6242
4 399 6065 5552 3158
6 4514 962 4705 2905 6479 3591
6 7317 144 3048 3524 2961 297
17 4522 4053 915 859 9348 3902 1224 9373 9725 3729 4446 257 6171 5250 6590 7568 8525
9 8897 2023 357 1939 8161 1508 7759 7667 5800
7 4587 402 6472 7558 4300 1383 7272
6 6297 9931 1506 9456 6906 8524
12 7142 1070 2529 5927 8568 7325 5042 4674 7150 5667 5451 926
13 9865 9430 9908 7277 1976 1008 1837 7672 5923 9690 3033 313 7446
14 3567 8818 8048 4562 6085 2077 1042 6894 552 1687 9309 3441 4057 8155
3 5018 2103 7971
18 2950 876 6610 2943 9424 6432 6185 5945 8238 8200 6555 5999 3858 3979 6037 1808 5238 6201
4 4373 6627 536 1882
10 2919 9059 2049 627 802 7947 885 3428 2334 4816
9 6426 4601 1393 2750 9971 9522 9307 8099 404
5 849 8446 6821 2166 3823
12 9924 2638 5675 3543 5736 5414 3175 8301 7134 9706 6086 8442
4 7029 8141 6575 2818
19 6455 9270 4060 8704 7473 4266 6285 687 5251 688 7685 2915 6498 6868 1361 2861 2171 6035 5396
16 8309 6674 1421 1658 5001 3878 289 8182 5748 5976 7218 5546 898 419 4629 4619
4 5036 6051 7932 2535
12 8355 250 6351 6395 7903 6677 7812 5922 7113 6368 8055 8865
10 587 5663 3162 7353 2221 7586 9734 2088 1912 7544
12 7166 3274 6694 396 5791 6127 2698 1057 2723 8992 1479 8710
2 4361 3
7 5086 1091 9420 1815 9799 1211 4469
15 5875 9359 939 6350 1379 4151 4217 7088 2559 6846 6663 6038 8983 5143 71
14 8922 713 5607 5725 4491 3268 3236 6926 5692 6967 622 620 1924 4849
19 4869 3408 9301 4543 2917 3283 3698 6702 4425 2603 3947 7251 7733 11 3887 4318 8043 2357 644
16 6448 5283 3661 8559 8649 8718 365 5529 28 7574 7396 8347 5240 8523 1596 1632
2 7527 7911
20 9757 3526 4835 7506 6045 3387 3834 6794 1062 7529 2052 2626 6779 8370 109 8727 280 4050 8967 7724
19 7781 4078 7288 3703 3778 1104 508 6793 3044 3509 4993 9336 6412 3664 3868 6318 4659 734 6700
6 8625 8389 5265 2079 8670 8142
14 1157 6944 1612 3920 8766 8712 5792 4709 5012 6647 303 3921 7539 1617
6 3289 3558 1662 1099 7509 9675
20 2923 7614 6226 1861 9033 6466 6941 5744 8397 5954 9509 8322 3840 9567 5261 4454 8437 4813 3394 8392
8 4093 4162 6200 5293 6792 2894 2186 1954
9 4850 2851 6897 842 4481 2707 7417 7405 7176
